<?xml version="1.0" encoding="UTF-8"?>
<testng-results ignored="0" total="1" passed="1" failed="0" skipped="0">
  <reporter-output>
  </reporter-output>
  <suite started-at="2023-09-06T18:41:07 IST" name="Default suite" finished-at="2023-09-06T18:41:24 IST" duration-ms="17085">
    <groups>
    </groups>
    <test started-at="2023-09-06T18:41:07 IST" name="Default test" finished-at="2023-09-06T18:41:24 IST" duration-ms="17085">
      <class name="RegistrationPage.RegistrationTest">
        <test-method signature="verifyFlightRegistration()[pri:0, instance:RegistrationPage.RegistrationTest@449a4f23]" started-at="2023-09-06T18:41:07 IST" name="verifyFlightRegistration" finished-at="2023-09-06T18:41:24 IST" duration-ms="16999" status="PASS">
          <reporter-output>
          </reporter-output>
        </test-method> <!-- verifyFlightRegistration -->
      </class> <!-- RegistrationPage.RegistrationTest -->
    </test> <!-- Default test -->
  </suite> <!-- Default suite -->
</testng-results>
